<?xml version="1.0" encoding="UTF-8"?>
<testsuite xmlns:xsi="http://www.w3.org/2001/XMLSchema-instance" xsi:noNamespaceSchemaLocation="https://maven.apache.org/surefire/maven-failsafe-plugin/xsd/failsafe-test-report-3.0.xsd" version="3.0" name="strater.CucumberTestSuite" time="6.544" tests="2" errors="0" skipped="0" failures="0">
  <properties>
[...]
</properties>
  <testcase name="GET - As admin" classname="BookStore" time="3.232">
    <system-out><![CDATA[04:38:56.872 [main] INFO io.cucumber.core.plugin.SerenityReporter - Running feature from file:///D:/Intern/MSIB%20Alterra/qe_sara-lutami-pardede/18_RESTful%20API%20Testing%20with%20Rest%20Assured/praktikum/src/test/resources/api/BookStore.feature
04:38:56.876 [main] WARN io.cucumber.core.plugin.SerenityReporter - Feature from file:///D:/Intern/MSIB%20Alterra/qe_sara-lutami-pardede/18_RESTful%20API%20Testing%20with%20Rest%20Assured/praktikum/src/test/resources/api/BookStore.feature is not under the 'features' directory. Requirements report will not be correctly generated!
04:38:57.012 [main] INFO  - 

-------------------------------------------------------------------------------------
     _______. _______ .______       _______ .__   __.  __  .___________.____    ____ 
    /       ||   ____||   _  \     |   ____||  \ |  | |  | |           |\   \  /   / 
   |   (----`|  |__   |  |_)  |    |  |__   |   \|  | |  | `---|  |----` \   \/   /  
    \   \    |   __|  |      /     |   __|  |  . `  | |  |     |  |       \_    _/   
.----)   |   |  |____ |  |\  \----.|  |____ |  |\   | |  |     |  |         |  |     
|_______/    |_______|| _| `._____||_______||__| \__| |__|     |__|         |__|    
                                                                                     
 News and tutorials at http://www.serenity-bdd.info                                  
 Documentation at https://wakaleo.gitbooks.io/the-serenity-book/content/             
 Join the Serenity Community on Gitter: https://gitter.im/serenity-bdd/serenity-core 
 Serenity BDD Support and Training at http://serenity-bdd.info/#/trainingandsupport  
-------------------------------------------------------------------------------------

04:38:57.015 [main] DEBUG net.thucydides.core.steps.StepEventBus - Test suite started for story net.thucydides.core.model.Story@7cb34e6d
04:38:57.019 [main] INFO  - Test Suite Started: Book store
04:38:57.028 [main] INFO io.cucumber.core.plugin.SerenityReporter - Running feature from file:///D:/Intern/MSIB%20Alterra/qe_sara-lutami-pardede/18_RESTful%20API%20Testing%20with%20Rest%20Assured/praktikum/src/test/resources/api/BookStore.feature
04:38:57.029 [main] WARN io.cucumber.core.plugin.SerenityReporter - Feature from file:///D:/Intern/MSIB%20Alterra/qe_sara-lutami-pardede/18_RESTful%20API%20Testing%20with%20Rest%20Assured/praktikum/src/test/resources/api/BookStore.feature is not under the 'features' directory. Requirements report will not be correctly generated!
04:38:57.031 [main] DEBUG net.thucydides.core.steps.StepEventBus - Test suite started for story net.thucydides.core.model.Story@7cb34e6d
04:38:57.031 [main] INFO  - Test Suite Started: Book store

Scenario: GET - As admin                      &amp#27;[90m# src/test/resources/api/BookStore.feature:3&amp#27;[0m
04:38:57.090 [main] INFO io.cucumber.core.plugin.SerenityReporter - Running feature from file:///D:/Intern/MSIB%20Alterra/qe_sara-lutami-pardede/18_RESTful%20API%20Testing%20with%20Rest%20Assured/praktikum/src/test/resources/api/BookStore.feature
04:38:57.090 [main] WARN io.cucumber.core.plugin.SerenityReporter - Feature from file:///D:/Intern/MSIB%20Alterra/qe_sara-lutami-pardede/18_RESTful%20API%20Testing%20with%20Rest%20Assured/praktikum/src/test/resources/api/BookStore.feature is not under the 'features' directory. Requirements report will not be correctly generated!
04:38:57.157 [main] INFO  - 
  _____   ___   ___   _____     ___   _____     _     ___   _____   ___   ___  
 |_   _| | __| / __| |_   _|   / __| |_   _|   /_\   | _ \ |_   _| | __| |   \ 
   | |   | _|  \__ \   | |     \__ \   | |    / _ \  |   /   | |   | _|  | |) |
   |_|   |___| |___/   |_|     |___/   |_|   /_/ \_\ |_|_\   |_|   |___| |___/ 

GET - As admin(bookstore;get---as-admin)
--------------------------------------------------------------------------------
04:38:57.456 [main] DEBUG net.thucydides.core.steps.StepInterceptor - STARTING STEP: UserStep.setGetApiEndPoints - I set GET api endpoints
04:38:57.459 [main] DEBUG net.thucydides.core.steps.StepInterceptor - STEP DONE: I set GET api endpoints
  &amp#27;[32mGiven &amp#27;[0m&amp#27;[32mI set GET api endpoints&amp#27;[0m               &amp#27;[90m# strater.stepdefinitions.UserStep.setGetApiEndPoints()&amp#27;[0m
04:38:57.471 [main] DEBUG net.thucydides.core.steps.StepInterceptor - STARTING STEP: UserStep.sendGetHttpRequest - I send GET HTTP request
04:38:58.852 [main] DEBUG net.thucydides.core.steps.StepInterceptor - STARTING STEP: Get.sendGetHttpRequest - I set GET api endpoints
04:38:58.853 [main] DEBUG net.thucydides.core.steps.StepInterceptor - STEP DONE: I set GET api endpoints
04:38:59.445 [main] DEBUG org.apache.http.impl.conn.BasicClientConnectionManager - Get connection for route {s}->https://demoqa.com:443
04:38:59.458 [main] DEBUG org.apache.http.impl.conn.DefaultClientConnectionOperator - Connecting to demoqa.com:443
04:38:59.919 [main] DEBUG org.apache.http.client.protocol.RequestAddCookies - CookieSpec selected: ignoreCookies
04:38:59.920 [main] DEBUG org.apache.http.client.protocol.RequestAuthCache - Auth cache not set in the context
04:38:59.920 [main] DEBUG org.apache.http.client.protocol.RequestTargetAuthentication - Target auth state: UNCHALLENGED
04:38:59.921 [main] DEBUG org.apache.http.client.protocol.RequestProxyAuthentication - Proxy auth state: UNCHALLENGED
04:38:59.921 [main] DEBUG org.apache.http.impl.client.DefaultHttpClient - Attempt 1 to execute request
04:38:59.921 [main] DEBUG org.apache.http.impl.conn.DefaultClientConnection - Sending request: GET /BookStore/v1/Book?ISBN=9781449325862 HTTP/1.1
04:38:59.921 [main] DEBUG org.apache.http.wire -  >> "GET /BookStore/v1/Book?ISBN=9781449325862 HTTP/1.1[\r][\n]"
04:38:59.923 [main] DEBUG org.apache.http.wire -  >> "Accept: */*[\r][\n]"
04:38:59.923 [main] DEBUG org.apache.http.wire -  >> "Host: demoqa.com[\r][\n]"
04:38:59.923 [main] DEBUG org.apache.http.wire -  >> "Connection: Keep-Alive[\r][\n]"
04:38:59.923 [main] DEBUG org.apache.http.wire -  >> "User-Agent: Apache-HttpClient/4.5.13 (Java/11.0.13)[\r][\n]"
04:38:59.923 [main] DEBUG org.apache.http.wire -  >> "Accept-Encoding: gzip,deflate[\r][\n]"
04:38:59.923 [main] DEBUG org.apache.http.wire -  >> "[\r][\n]"
04:38:59.923 [main] DEBUG org.apache.http.headers - >> GET /BookStore/v1/Book?ISBN=9781449325862 HTTP/1.1
04:38:59.923 [main] DEBUG org.apache.http.headers - >> Accept: */*
04:38:59.923 [main] DEBUG org.apache.http.headers - >> Host: demoqa.com
04:38:59.923 [main] DEBUG org.apache.http.headers - >> Connection: Keep-Alive
04:38:59.923 [main] DEBUG org.apache.http.headers - >> User-Agent: Apache-HttpClient/4.5.13 (Java/11.0.13)
04:38:59.923 [main] DEBUG org.apache.http.headers - >> Accept-Encoding: gzip,deflate
04:39:00.125 [main] DEBUG org.apache.http.wire -  << "HTTP/1.1 200 OK[\r][\n]"
04:39:00.128 [main] DEBUG org.apache.http.wire -  << "Server: nginx/1.17.10 (Ubuntu)[\r][\n]"
04:39:00.128 [main] DEBUG org.apache.http.wire -  << "Date: Sun, 10 Apr 2022 21:39:04 GMT[\r][\n]"
04:39:00.128 [main] DEBUG org.apache.http.wire -  << "Content-Type: application/json; charset=utf-8[\r][\n]"
04:39:00.128 [main] DEBUG org.apache.http.wire -  << "Content-Length: 549[\r][\n]"
04:39:00.128 [main] DEBUG org.apache.http.wire -  << "Connection: keep-alive[\r][\n]"
04:39:00.128 [main] DEBUG org.apache.http.wire -  << "X-Powered-By: Express[\r][\n]"
04:39:00.128 [main] DEBUG org.apache.http.wire -  << "ETag: W/"225-6wegpsdSbs3Zjpo/5fzJQey1dRQ"[\r][\n]"
04:39:00.128 [main] DEBUG org.apache.http.wire -  << "[\r][\n]"
04:39:00.128 [main] DEBUG org.apache.http.impl.conn.DefaultClientConnection - Receiving response: HTTP/1.1 200 OK
04:39:00.128 [main] DEBUG org.apache.http.headers - << HTTP/1.1 200 OK
04:39:00.129 [main] DEBUG org.apache.http.headers - << Server: nginx/1.17.10 (Ubuntu)
04:39:00.129 [main] DEBUG org.apache.http.headers - << Date: Sun, 10 Apr 2022 21:39:04 GMT
04:39:00.129 [main] DEBUG org.apache.http.headers - << Content-Type: application/json; charset=utf-8
04:39:00.129 [main] DEBUG org.apache.http.headers - << Content-Length: 549
04:39:00.129 [main] DEBUG org.apache.http.headers - << Connection: keep-alive
04:39:00.129 [main] DEBUG org.apache.http.headers - << X-Powered-By: Express
04:39:00.129 [main] DEBUG org.apache.http.headers - << ETag: W/"225-6wegpsdSbs3Zjpo/5fzJQey1dRQ"
04:39:00.131 [main] DEBUG org.apache.http.impl.client.DefaultHttpClient - Connection can be kept alive indefinitely
04:39:00.145 [main] DEBUG io.restassured.internal.RequestSpecificationImpl$RestAssuredHttpBuilder - Parsing response as: application/json; charset=utf-8
04:39:00.145 [main] DEBUG io.restassured.internal.RequestSpecificationImpl$RestAssuredHttpBuilder - Parsed data to instance of: class org.apache.http.conn.EofSensorInputStream
04:39:00.180 [main] DEBUG org.apache.http.wire -  << "{"isbn":"9781449325862","title":"Git Pocket Guide","subTitle":"A Working Introduction","author":"Richard E. Silverman","publish_date":"2020-06-04T08:48:39.000Z","publisher":"O'Reilly Media","pages":234,"description":"This pocket guide is the perfect on-the-job companion to Git, the distributed version control system. It provides a compact, readable introduction to Git for new users, as well as a reference to common commands and procedures for those of you with Git exp","website":"http://chimera.labs.oreilly.com/books/1230000000561/index.html"}"
04:39:00.180 [main] DEBUG org.apache.http.impl.conn.BasicClientConnectionManager - Releasing connection org.apache.http.impl.conn.ManagedClientConnectionImpl@2c54c497
04:39:00.180 [main] DEBUG org.apache.http.impl.conn.BasicClientConnectionManager - Connection can be kept alive indefinitely
04:39:00.211 [main] DEBUG net.thucydides.core.steps.StepInterceptor - STEP DONE: I send GET HTTP request
  &amp#27;[32mWhen &amp#27;[0m&amp#27;[32mI send GET HTTP request&amp#27;[0m                &amp#27;[90m# strater.stepdefinitions.UserStep.sendGetHttpRequest()&amp#27;[0m
04:39:00.216 [main] DEBUG net.thucydides.core.steps.StepInterceptor - STARTING STEP: UserStep.setReceiveValidHttpResponse - I receive valid HTTP response code 200
04:39:00.251 [main] DEBUG net.thucydides.core.steps.StepInterceptor - STEP DONE: I receive valid HTTP response code 200
  &amp#27;[32mThen &amp#27;[0m&amp#27;[32mI receive valid HTTP response code 200&amp#27;[0m &amp#27;[90m# strater.stepdefinitions.UserStep.setReceiveValidHttpResponse()&amp#27;[0m
04:39:00.255 [main] DEBUG net.thucydides.core.steps.StepInterceptor - STARTING STEP: UserStep.receiveValidDataForDetailBook - I receive valid data for detail book
04:39:00.255 [main] DEBUG net.thucydides.core.steps.StepInterceptor - STEP DONE: I receive valid data for detail book
  &amp#27;[32mAnd &amp#27;[0m&amp#27;[32mI receive valid data for detail book&amp#27;[0m    &amp#27;[90m# strater.stepdefinitions.UserStep.receiveValidDataForDetailBook()&amp#27;[0m
04:39:00.262 [main] INFO  - 
  _____   ___   ___   _____     ___     _     ___   ___   ___   ___  
 |_   _| | __| / __| |_   _|   | _ \   /_\   / __| / __| | __| |   \ 
   | |   | _|  \__ \   | |     |  _/  / _ \  \__ \ \__ \ | _|  | |) |
   |_|   |___| |___/   |_|     |_|   /_/ \_\ |___/ |___/ |___| |___/ 

GET - As admin
----------------------------------------------------------------------
]]></system-out>
  </testcase>
  <testcase name="DELETE - As admin" classname="BookStore" time="0.597">
    <system-out><![CDATA[
Scenario: DELETE - As admin                   &amp#27;[90m# src/test/resources/api/BookStore.feature:13&amp#27;[0m
04:39:00.273 [main] INFO io.cucumber.core.plugin.SerenityReporter - Running feature from file:///D:/Intern/MSIB%20Alterra/qe_sara-lutami-pardede/18_RESTful%20API%20Testing%20with%20Rest%20Assured/praktikum/src/test/resources/api/BookStore.feature
04:39:00.273 [main] WARN io.cucumber.core.plugin.SerenityReporter - Feature from file:///D:/Intern/MSIB%20Alterra/qe_sara-lutami-pardede/18_RESTful%20API%20Testing%20with%20Rest%20Assured/praktikum/src/test/resources/api/BookStore.feature is not under the 'features' directory. Requirements report will not be correctly generated!
04:39:00.275 [main] INFO  - 
  _____   ___   ___   _____     ___   _____     _     ___   _____   ___   ___  
 |_   _| | __| / __| |_   _|   / __| |_   _|   /_\   | _ \ |_   _| | __| |   \ 
   | |   | _|  \__ \   | |     \__ \   | |    / _ \  |   /   | |   | _|  | |) |
   |_|   |___| |___/   |_|     |___/   |_|   /_/ \_\ |_|_\   |_|   |___| |___/ 

DELETE - As admin(bookstore;delete---as-admin)
--------------------------------------------------------------------------------
04:39:00.286 [main] DEBUG net.thucydides.core.steps.StepInterceptor - STARTING STEP: UserStep.setDeleteApiEndpoints - I set DELETE apis endpoints
04:39:00.287 [main] DEBUG net.thucydides.core.steps.StepInterceptor - STEP DONE: I set DELETE apis endpoints
  &amp#27;[32mGiven &amp#27;[0m&amp#27;[32mI set DELETE api endpoints&amp#27;[0m            &amp#27;[90m# strater.stepdefinitions.UserStep.setDeleteApiEndpoints()&amp#27;[0m
04:39:00.292 [main] DEBUG net.thucydides.core.steps.StepInterceptor - STARTING STEP: UserStep.sendDeleteApiRequest - I send DELETE HTTP request
04:39:00.294 [main] DEBUG net.thucydides.core.steps.StepInterceptor - STARTING STEP: Delete.sendDeleteApiRequest - I set DELETE apis endpoints
04:39:00.296 [main] DEBUG net.thucydides.core.steps.StepInterceptor - STEP DONE: I set DELETE apis endpoints
04:39:00.314 [main] DEBUG org.apache.http.impl.conn.BasicClientConnectionManager - Get connection for route {s}->https://demoqa.com:443
04:39:00.314 [main] DEBUG org.apache.http.impl.conn.DefaultClientConnectionOperator - Connecting to demoqa.com:443
04:39:00.679 [main] DEBUG org.apache.http.client.protocol.RequestAddCookies - CookieSpec selected: ignoreCookies
04:39:00.680 [main] DEBUG org.apache.http.client.protocol.RequestAuthCache - Auth cache not set in the context
04:39:00.680 [main] DEBUG org.apache.http.client.protocol.RequestTargetAuthentication - Target auth state: UNCHALLENGED
04:39:00.680 [main] DEBUG org.apache.http.client.protocol.RequestProxyAuthentication - Proxy auth state: UNCHALLENGED
04:39:00.680 [main] DEBUG org.apache.http.impl.client.DefaultHttpClient - Attempt 1 to execute request
04:39:00.680 [main] DEBUG org.apache.http.impl.conn.DefaultClientConnection - Sending request: DELETE /BookStore/v1/Books?UserId=string HTTP/1.1
04:39:00.680 [main] DEBUG org.apache.http.wire -  >> "DELETE /BookStore/v1/Books?UserId=string HTTP/1.1[\r][\n]"
04:39:00.680 [main] DEBUG org.apache.http.wire -  >> "Accept: */*[\r][\n]"
04:39:00.680 [main] DEBUG org.apache.http.wire -  >> "Host: demoqa.com[\r][\n]"
04:39:00.680 [main] DEBUG org.apache.http.wire -  >> "Connection: Keep-Alive[\r][\n]"
04:39:00.680 [main] DEBUG org.apache.http.wire -  >> "User-Agent: Apache-HttpClient/4.5.13 (Java/11.0.13)[\r][\n]"
04:39:00.680 [main] DEBUG org.apache.http.wire -  >> "Accept-Encoding: gzip,deflate[\r][\n]"
04:39:00.680 [main] DEBUG org.apache.http.wire -  >> "[\r][\n]"
04:39:00.680 [main] DEBUG org.apache.http.headers - >> DELETE /BookStore/v1/Books?UserId=string HTTP/1.1
04:39:00.680 [main] DEBUG org.apache.http.headers - >> Accept: */*
04:39:00.680 [main] DEBUG org.apache.http.headers - >> Host: demoqa.com
04:39:00.680 [main] DEBUG org.apache.http.headers - >> Connection: Keep-Alive
04:39:00.680 [main] DEBUG org.apache.http.headers - >> User-Agent: Apache-HttpClient/4.5.13 (Java/11.0.13)
04:39:00.680 [main] DEBUG org.apache.http.headers - >> Accept-Encoding: gzip,deflate
04:39:00.854 [main] DEBUG org.apache.http.wire -  << "HTTP/1.1 401 Unauthorized[\r][\n]"
04:39:00.854 [main] DEBUG org.apache.http.wire -  << "Server: nginx/1.17.10 (Ubuntu)[\r][\n]"
04:39:00.854 [main] DEBUG org.apache.http.wire -  << "Date: Sun, 10 Apr 2022 21:39:05 GMT[\r][\n]"
04:39:00.854 [main] DEBUG org.apache.http.wire -  << "Content-Type: application/json; charset=utf-8[\r][\n]"
04:39:00.854 [main] DEBUG org.apache.http.wire -  << "Content-Length: 48[\r][\n]"
04:39:00.854 [main] DEBUG org.apache.http.wire -  << "Connection: keep-alive[\r][\n]"
04:39:00.854 [main] DEBUG org.apache.http.wire -  << "X-Powered-By: Express[\r][\n]"
04:39:00.855 [main] DEBUG org.apache.http.wire -  << "ETag: W/"30-V67npMN18Zy3bnk1xW2xtLGgx8c"[\r][\n]"
04:39:00.855 [main] DEBUG org.apache.http.wire -  << "[\r][\n]"
04:39:00.855 [main] DEBUG org.apache.http.impl.conn.DefaultClientConnection - Receiving response: HTTP/1.1 401 Unauthorized
04:39:00.855 [main] DEBUG org.apache.http.headers - << HTTP/1.1 401 Unauthorized
04:39:00.855 [main] DEBUG org.apache.http.headers - << Server: nginx/1.17.10 (Ubuntu)
04:39:00.855 [main] DEBUG org.apache.http.headers - << Date: Sun, 10 Apr 2022 21:39:05 GMT
04:39:00.855 [main] DEBUG org.apache.http.headers - << Content-Type: application/json; charset=utf-8
04:39:00.855 [main] DEBUG org.apache.http.headers - << Content-Length: 48
04:39:00.855 [main] DEBUG org.apache.http.headers - << Connection: keep-alive
04:39:00.855 [main] DEBUG org.apache.http.headers - << X-Powered-By: Express
04:39:00.855 [main] DEBUG org.apache.http.headers - << ETag: W/"30-V67npMN18Zy3bnk1xW2xtLGgx8c"
04:39:00.855 [main] DEBUG org.apache.http.impl.client.DefaultHttpClient - Connection can be kept alive indefinitely
04:39:00.855 [main] DEBUG org.apache.http.impl.client.DefaultHttpClient - Authentication required
04:39:00.855 [main] DEBUG org.apache.http.impl.client.DefaultHttpClient - demoqa.com:443 requested authentication
04:39:00.856 [main] DEBUG org.apache.http.impl.client.DefaultHttpClient - Response contains no authentication challenges
04:39:00.856 [main] DEBUG io.restassured.internal.RequestSpecificationImpl$RestAssuredHttpBuilder - Parsing response as: application/json; charset=utf-8
04:39:00.856 [main] DEBUG io.restassured.internal.RequestSpecificationImpl$RestAssuredHttpBuilder - Parsed data to instance of: class org.apache.http.conn.EofSensorInputStream
04:39:00.858 [main] DEBUG org.apache.http.wire -  << "{"code":"1200","message":"User not authorized!"}"
04:39:00.858 [main] DEBUG org.apache.http.impl.conn.BasicClientConnectionManager - Releasing connection org.apache.http.impl.conn.ManagedClientConnectionImpl@2833c093
04:39:00.858 [main] DEBUG org.apache.http.impl.conn.BasicClientConnectionManager - Connection can be kept alive indefinitely
04:39:00.859 [main] DEBUG net.thucydides.core.steps.StepInterceptor - STEP DONE: I send DELETE HTTP request
  &amp#27;[32mWhen &amp#27;[0m&amp#27;[32mI send DELETE HTTP request&amp#27;[0m             &amp#27;[90m# strater.stepdefinitions.UserStep.sendDeleteApiRequest()&amp#27;[0m
04:39:00.861 [main] DEBUG net.thucydides.core.steps.StepInterceptor - STARTING STEP: UserStep.validateHttpResponseCode401 - I receive valid HTTP response code 401
04:39:00.863 [main] DEBUG net.thucydides.core.steps.StepInterceptor - STEP DONE: I receive valid HTTP response code 401
  &amp#27;[32mThen &amp#27;[0m&amp#27;[32mI receive valid HTTP response code 401&amp#27;[0m &amp#27;[90m# strater.stepdefinitions.UserStep.validateHttpResponseCode401()&amp#27;[0m
04:39:00.864 [main] INFO  - 
  _____   ___   ___   _____     ___     _     ___   ___   ___   ___  
 |_   _| | __| / __| |_   _|   | _ \   /_\   / __| / __| | __| |   \ 
   | |   | _|  \__ \   | |     |  _/  / _ \  \__ \ \__ \ | _|  | |) |
   |_|   |___| |___/   |_|     |_|   /_/ \_\ |___/ |___/ |___| |___/ 

DELETE - As admin
----------------------------------------------------------------------
]]></system-out>
  </testcase>
</testsuite>